Traceback (most recent call last):
  File "c:\users\dimuthu\appdata\local\programs\python\python39\lib\site-packages\jupyter_cache\executors\utils.py", line 51, in single_nb_execution
    executenb(
  File "c:\users\dimuthu\appdata\local\programs\python\python39\lib\site-packages\nbclient\client.py", line 1204, in execute
    return NotebookClient(nb=nb, resources=resources, km=km, **kwargs).execute()
  File "c:\users\dimuthu\appdata\local\programs\python\python39\lib\site-packages\nbclient\util.py", line 84, in wrapped
    return just_run(coro(*args, **kwargs))
  File "c:\users\dimuthu\appdata\local\programs\python\python39\lib\site-packages\nbclient\util.py", line 62, in just_run
    return loop.run_until_complete(coro)
  File "c:\users\dimuthu\appdata\local\programs\python\python39\lib\asyncio\base_events.py", line 642, in run_until_complete
    return future.result()
  File "c:\users\dimuthu\appdata\local\programs\python\python39\lib\site-packages\nbclient\client.py", line 663, in async_execute
    await self.async_execute_cell(
  File "c:\users\dimuthu\appdata\local\programs\python\python39\lib\site-packages\nbclient\client.py", line 965, in async_execute_cell
    await self._check_raise_for_error(cell, cell_index, exec_reply)
  File "c:\users\dimuthu\appdata\local\programs\python\python39\lib\site-packages\nbclient\client.py", line 862, in _check_raise_for_error
    raise CellExecutionError.from_cell_and_msg(cell, exec_reply_content)
nbclient.exceptions.CellExecutionError: An error occurred while executing the following cell:
------------------

tourism=pd.read_excel(url_tourism,skiprows=3)
tourism = tourism.dropna(axis=1, how='all')
tourism = tourism[0:13]
tourism.iloc[:,0] = "month_"+tourism.iloc[:,0]
tourism = tourism.T
tourism.columns = tourism.iloc[0]
tourism.drop(tourism.index[0], inplace = True)
tourism['date'] = list(range(2009,2009+tourism.shape[0]))
tourism.drop(columns=tourism.columns[0], axis=1, inplace=True)
tourism = pd.wide_to_long(tourism, stubnames="month",i="date",j="rem",sep="_", suffix='\w+')
tourism = tourism.sort_index()
tourism = tourism.reset_index()
tourism["rem"] = pd.to_datetime(tourism.rem, format='%B', errors='coerce').dt.month
tourism = tourism.sort_values(by=['date','rem'])
tourism['date'] = pd.date_range(start="2009-01-01",periods=tourism.shape[0],freq="MS")
tourism = tourism[['date','month']]
tourism = tourism.rename(columns={"month":"tourism"})
------------------

[1;31m---------------------------------------------------------------------------[0m
[1;31mFileNotFoundError[0m                         Traceback (most recent call last)
[1;32m<ipython-input-7-06080e8d912f>[0m in [0;36m<module>[1;34m[0m
[1;32m----> 1[1;33m [0mtourism[0m[1;33m=[0m[0mpd[0m[1;33m.[0m[0mread_excel[0m[1;33m([0m[0murl_tourism[0m[1;33m,[0m[0mskiprows[0m[1;33m=[0m[1;36m3[0m[1;33m)[0m[1;33m[0m[1;33m[0m[0m
[0m[0;32m      2[0m [0mtourism[0m [1;33m=[0m [0mtourism[0m[1;33m.[0m[0mdropna[0m[1;33m([0m[0maxis[0m[1;33m=[0m[1;36m1[0m[1;33m,[0m [0mhow[0m[1;33m=[0m[1;34m'all'[0m[1;33m)[0m[1;33m[0m[1;33m[0m[0m
[0;32m      3[0m [0mtourism[0m [1;33m=[0m [0mtourism[0m[1;33m[[0m[1;36m0[0m[1;33m:[0m[1;36m13[0m[1;33m][0m[1;33m[0m[1;33m[0m[0m
[0;32m      4[0m [0mtourism[0m[1;33m.[0m[0miloc[0m[1;33m[[0m[1;33m:[0m[1;33m,[0m[1;36m0[0m[1;33m][0m [1;33m=[0m [1;34m"month_"[0m[1;33m+[0m[0mtourism[0m[1;33m.[0m[0miloc[0m[1;33m[[0m[1;33m:[0m[1;33m,[0m[1;36m0[0m[1;33m][0m[1;33m[0m[1;33m[0m[0m
[0;32m      5[0m [0mtourism[0m [1;33m=[0m [0mtourism[0m[1;33m.[0m[0mT[0m[1;33m[0m[1;33m[0m[0m

[1;32mc:\users\dimuthu\appdata\local\programs\python\python39\lib\site-packages\pandas\util\_decorators.py[0m in [0;36mwrapper[1;34m(*args, **kwargs)[0m
[0;32m    309[0m                     [0mstacklevel[0m[1;33m=[0m[0mstacklevel[0m[1;33m,[0m[1;33m[0m[1;33m[0m[0m
[0;32m    310[0m                 )
[1;32m--> 311[1;33m             [1;32mreturn[0m [0mfunc[0m[1;33m([0m[1;33m*[0m[0margs[0m[1;33m,[0m [1;33m**[0m[0mkwargs[0m[1;33m)[0m[1;33m[0m[1;33m[0m[0m
[0m[0;32m    312[0m [1;33m[0m[0m
[0;32m    313[0m         [1;32mreturn[0m [0mwrapper[0m[1;33m[0m[1;33m[0m[0m

[1;32mc:\users\dimuthu\appdata\local\programs\python\python39\lib\site-packages\pandas\io\excel\_base.py[0m in [0;36mread_excel[1;34m(io, sheet_name, header, names, index_col, usecols, squeeze, dtype, engine, converters, true_values, false_values, skiprows, nrows, na_values, keep_default_na, na_filter, verbose, parse_dates, date_parser, thousands, decimal, comment, skipfooter, convert_float, mangle_dupe_cols, storage_options)[0m
[0;32m    455[0m     [1;32mif[0m [1;32mnot[0m [0misinstance[0m[1;33m([0m[0mio[0m[1;33m,[0m [0mExcelFile[0m[1;33m)[0m[1;33m:[0m[1;33m[0m[1;33m[0m[0m
[0;32m    456[0m         [0mshould_close[0m [1;33m=[0m [1;32mTrue[0m[1;33m[0m[1;33m[0m[0m
[1;32m--> 457[1;33m         [0mio[0m [1;33m=[0m [0mExcelFile[0m[1;33m([0m[0mio[0m[1;33m,[0m [0mstorage_options[0m[1;33m=[0m[0mstorage_options[0m[1;33m,[0m [0mengine[0m[1;33m=[0m[0mengine[0m[1;33m)[0m[1;33m[0m[1;33m[0m[0m
[0m[0;32m    458[0m     [1;32melif[0m [0mengine[0m [1;32mand[0m [0mengine[0m [1;33m!=[0m [0mio[0m[1;33m.[0m[0mengine[0m[1;33m:[0m[1;33m[0m[1;33m[0m[0m
[0;32m    459[0m         raise ValueError(

[1;32mc:\users\dimuthu\appdata\local\programs\python\python39\lib\site-packages\pandas\io\excel\_base.py[0m in [0;36m__init__[1;34m(self, path_or_buffer, engine, storage_options)[0m
[0;32m   1374[0m                 [0mext[0m [1;33m=[0m [1;34m"xls"[0m[1;33m[0m[1;33m[0m[0m
[0;32m   1375[0m             [1;32melse[0m[1;33m:[0m[1;33m[0m[1;33m[0m[0m
[1;32m-> 1376[1;33m                 ext = inspect_excel_format(
[0m[0;32m   1377[0m                     [0mcontent_or_path[0m[1;33m=[0m[0mpath_or_buffer[0m[1;33m,[0m [0mstorage_options[0m[1;33m=[0m[0mstorage_options[0m[1;33m[0m[1;33m[0m[0m
[0;32m   1378[0m                 )

[1;32mc:\users\dimuthu\appdata\local\programs\python\python39\lib\site-packages\pandas\io\excel\_base.py[0m in [0;36minspect_excel_format[1;34m(content_or_path, storage_options)[0m
[0;32m   1248[0m         [0mcontent_or_path[0m [1;33m=[0m [0mBytesIO[0m[1;33m([0m[0mcontent_or_path[0m[1;33m)[0m[1;33m[0m[1;33m[0m[0m
[0;32m   1249[0m [1;33m[0m[0m
[1;32m-> 1250[1;33m     with get_handle(
[0m[0;32m   1251[0m         [0mcontent_or_path[0m[1;33m,[0m [1;34m"rb"[0m[1;33m,[0m [0mstorage_options[0m[1;33m=[0m[0mstorage_options[0m[1;33m,[0m [0mis_text[0m[1;33m=[0m[1;32mFalse[0m[1;33m[0m[1;33m[0m[0m
[0;32m   1252[0m     ) as handle:

[1;32mc:\users\dimuthu\appdata\local\programs\python\python39\lib\site-packages\pandas\io\common.py[0m in [0;36mget_handle[1;34m(path_or_buf, mode, encoding, compression, memory_map, is_text, errors, storage_options)[0m
[0;32m    796[0m         [1;32melse[0m[1;33m:[0m[1;33m[0m[1;33m[0m[0m
[0;32m    797[0m             [1;31m# Binary mode[0m[1;33m[0m[1;33m[0m[1;33m[0m[0m
[1;32m--> 798[1;33m             [0mhandle[0m [1;33m=[0m [0mopen[0m[1;33m([0m[0mhandle[0m[1;33m,[0m [0mioargs[0m[1;33m.[0m[0mmode[0m[1;33m)[0m[1;33m[0m[1;33m[0m[0m
[0m[0;32m    799[0m         [0mhandles[0m[1;33m.[0m[0mappend[0m[1;33m([0m[0mhandle[0m[1;33m)[0m[1;33m[0m[1;33m[0m[0m
[0;32m    800[0m [1;33m[0m[0m

[1;31mFileNotFoundError[0m: [Errno 2] No such file or directory: 'C:/Users/Dimuthu/Downloads/table2.14.1_20220331_e.xlsx'
FileNotFoundError: [Errno 2] No such file or directory: 'C:/Users/Dimuthu/Downloads/table2.14.1_20220331_e.xlsx'

